GCCcore/6.4.0
binutils/2.28-GCCcore-6.4.0
icc/2018.1.163-GCC-6.4.0-2.28
ifort/2018.1.163-GCC-6.4.0-2.28
iccifort/2018.1.163-GCC-6.4.0-2.28
OpenMPI/2.1.2-iccifort-2018.1.163-GCC-6.4.0-2.28
iompi/2018a
imkl/2018.1.163-iompi-2018a
iomkl/2018a
================================================================================================
================================================================================================
                    Testing on batch of 5 with NUM_ATTEMPTS = 50527                        
================================================================================================
The expected value of SHARED is 5002173 (99 workers incrementing 50527 times)
The final count was 843
================================================================================================
================================================================================================
The expected value of SHARED is 5002173 (99 workers incrementing 50527 times)
The final count was 201
================================================================================================
================================================================================================
The expected value of SHARED is 5002173 (99 workers incrementing 50527 times)
The final count was 81
================================================================================================
================================================================================================
The expected value of SHARED is 5002173 (99 workers incrementing 50527 times)
The final count was 341
================================================================================================
================================================================================================
The expected value of SHARED is 5002173 (99 workers incrementing 50527 times)
The final count was 258
================================================================================================
================================================================================================
