GCCcore/6.4.0
binutils/2.28-GCCcore-6.4.0
icc/2018.1.163-GCC-6.4.0-2.28
ifort/2018.1.163-GCC-6.4.0-2.28
iccifort/2018.1.163-GCC-6.4.0-2.28
OpenMPI/2.1.2-iccifort-2018.1.163-GCC-6.4.0-2.28
iompi/2018a
imkl/2018.1.163-iompi-2018a
iomkl/2018a
================================================================================================
================================================================================================
                    Testing on batch of 5 with NUM_ATTEMPTS = 935969                        
================================================================================================
The expected value of SHARED is 92660931 (99 workers incrementing 935969 times)
The final count was 3962
================================================================================================
================================================================================================
The expected value of SHARED is 92660931 (99 workers incrementing 935969 times)
The final count was 994
================================================================================================
================================================================================================
The expected value of SHARED is 92660931 (99 workers incrementing 935969 times)
The final count was 2288
================================================================================================
================================================================================================
The expected value of SHARED is 92660931 (99 workers incrementing 935969 times)
The final count was 1507
================================================================================================
================================================================================================
The expected value of SHARED is 92660931 (99 workers incrementing 935969 times)
The final count was 296
================================================================================================
================================================================================================
