GCCcore/6.4.0
binutils/2.28-GCCcore-6.4.0
icc/2018.1.163-GCC-6.4.0-2.28
ifort/2018.1.163-GCC-6.4.0-2.28
iccifort/2018.1.163-GCC-6.4.0-2.28
OpenMPI/2.1.2-iccifort-2018.1.163-GCC-6.4.0-2.28
iompi/2018a
imkl/2018.1.163-iompi-2018a
iomkl/2018a
================================================================================================
================================================================================================
                    Testing on batch of 5 with NUM_ATTEMPTS = 326332                        
================================================================================================
The expected value of SHARED is 32306868 (99 workers incrementing 326332 times)
The final count was 144
================================================================================================
================================================================================================
The expected value of SHARED is 32306868 (99 workers incrementing 326332 times)
The final count was 861
================================================================================================
================================================================================================
The expected value of SHARED is 32306868 (99 workers incrementing 326332 times)
The final count was 129
================================================================================================
================================================================================================
The expected value of SHARED is 32306868 (99 workers incrementing 326332 times)
The final count was 1793
================================================================================================
================================================================================================
The expected value of SHARED is 32306868 (99 workers incrementing 326332 times)
The final count was 720
================================================================================================
================================================================================================
